<?xml version="1.0" encoding="UTF-8"?>
<!-- Generated by org.testng.reporters.JUnitXMLReporter -->
<testsuite hostname="Marufs-MBP" ignored="0" name="TC001_VerifyLoginWithInvalidCredentials" tests="1" failures="0" timestamp="05 May 2017 19:15:27 GMT" time="9.088" errors="0">
  <testcase name="verifyLoginWithInvalidCredentials" time="2.81" classname="com.test.automation.testAutomation.homepage.TC001_VerifyLoginWithInvalidCredentials"/>
</testsuite> <!-- TC001_VerifyLoginWithInvalidCredentials -->
