<?xml version="1.0" encoding="UTF-8"?>
<testng-results skipped="0" failed="0" ignored="0" total="1" passed="1">
  <reporter-output>
  </reporter-output>
  <suite name="Regression Suite" duration-ms="9088" started-at="2017-05-05T19:15:18Z" finished-at="2017-05-05T19:15:27Z">
    <groups>
    </groups>
    <test name="TC001_VerifyLoginWithInvalidCredentials" duration-ms="9088" started-at="2017-05-05T19:15:18Z" finished-at="2017-05-05T19:15:27Z">
      <class name="com.test.automation.testAutomation.homepage.TC001_VerifyLoginWithInvalidCredentials">
        <test-method status="PASS" signature="setUp()[pri:0, instance:com.test.automation.testAutomation.homepage.TC001_VerifyLoginWithInvalidCredentials@402a079c]" name="setUp" is-config="true" duration-ms="6112" started-at="2017-05-05T12:15:18Z" finished-at="2017-05-05T12:15:24Z">
          <reporter-output>
          </reporter-output>
        </test-method> <!-- setUp -->
        <test-method status="PASS" signature="verifyLoginWithInvalidCredentials()[pri:0, instance:com.test.automation.testAutomation.homepage.TC001_VerifyLoginWithInvalidCredentials@402a079c]" name="verifyLoginWithInvalidCredentials" duration-ms="2810" started-at="2017-05-05T12:15:24Z" finished-at="2017-05-05T12:15:27Z">
          <reporter-output>
          </reporter-output>
        </test-method> <!-- verifyLoginWithInvalidCredentials -->
        <test-method status="PASS" signature="endTest()[pri:0, instance:com.test.automation.testAutomation.homepage.TC001_VerifyLoginWithInvalidCredentials@402a079c]" name="endTest" is-config="true" duration-ms="148" started-at="2017-05-05T12:15:27Z" finished-at="2017-05-05T12:15:27Z">
          <reporter-output>
          </reporter-output>
        </test-method> <!-- endTest -->
      </class> <!-- com.test.automation.testAutomation.homepage.TC001_VerifyLoginWithInvalidCredentials -->
    </test> <!-- TC001_VerifyLoginWithInvalidCredentials -->
  </suite> <!-- Regression Suite -->
</testng-results>
